This is TeX, Version 3.1415 (C version 6.1) (format=latex 95.11.7)  17 SEP 1997 22:17
**images.tex
(images.tex
LaTeX2e <1995/06/01> patch level 3

(/opt/tex/lib/texmf/tex/latex2e/base/article.cls
Document Class: article 1995/06/26 v1.3g Standard LaTeX document class
(/opt/tex/lib/texmf/tex/latex2e/base/size10.clo
File: size10.clo 1995/06/19 v1.3e Standard LaTeX file (size option)
)
\c@part=\count82
\c@section=\count83
\c@subsection=\count84
\c@subsubsection=\count85
\c@paragraph=\count86
\c@subparagraph=\count87
\c@figure=\count88
\c@table=\count89
\abovecaptionskip=\skip41
\belowcaptionskip=\skip42
\bibindent=\dimen102
) (/home/waterman/texlib/texstyles/html.sty) (/home/waterman/texlib/texstyles/h
tmllist.sty)
\lthtmlwrite=\write3
\sizebox=\box26
(images.aux)
LaTeX Font Info:    Checking defaults for OML/cmm/m/it on input line 12.
LaTeX Font Info:    ... okay on input line 12.
LaTeX Font Info:    Checking defaults for T1/cmr/m/n on input line 12.
LaTeX Font Info:    ... okay on input line 12.
LaTeX Font Info:    Checking defaults for OT1/cmr/m/n on input line 12.
LaTeX Font Info:    ... okay on input line 12.
LaTeX Font Info:    Checking defaults for OMS/cmsy/m/n on input line 12.
LaTeX Font Info:    ... okay on input line 12.
LaTeX Font Info:    Checking defaults for OMX/cmex/m/n on input line 12.
LaTeX Font Info:    ... okay on input line 12.
LaTeX Font Info:    Checking defaults for U/cmr/m/n on input line 12.
LaTeX Font Info:    ... okay on input line 12.
LaTeX Font Info:    External font `cmex10' loaded for size
(Font)              <7> on input line 16.
LaTeX Font Info:    External font `cmex10' loaded for size
(Font)              <5> on input line 16.
latex2htmlSize :tex2html_wrap_inline168: 7.5pt::2.5pt.
[1


]
latex2htmlSize :tex2html_wrap_inline170: 4.30554pt::0.0pt.
[2

]
latex2htmlSize :tex2html_wrap_inline172: 7.5pt::2.5pt.
[3

]
latex2htmlSize :tex2html_wrap_inline178: 7.5pt::2.5pt.
[4

]
latex2htmlSize :tex2html_wrap_inline180: 7.5pt::2.5pt.
[5

]
latex2htmlSize :tex2html_wrap_inline182: 7.5pt::2.5pt.
[6

]
latex2htmlSize :tex2html_wrap_inline186: 7.5pt::2.5pt.
[7

]
latex2htmlSize :tex2html_wrap_inline188: 7.5pt::2.5pt.
[8

]
latex2htmlSize :tex2html_wrap_inline190: 7.5pt::2.5pt.
[9

]
latex2htmlSize :tex2html_wrap_inline192: 7.5pt::2.5pt.
[10

]
latex2htmlSize :tex2html_wrap_inline194: 7.5pt::2.5pt.
[11

]
latex2htmlSize :tex2html_wrap_inline196: 6.94444pt::1.94444pt.
[12

] (images.aux) ) 
Here is how much of TeX's memory you used:
 260 strings out of 10957
 2597 string characters out of 73532
 44513 words of memory out of 262141
 3154 multiletter control sequences out of 9500
 3640 words of font info for 14 fonts, out of 100000 for 255
 14 hyphenation exceptions out of 607
 23i,4n,18p,214b,102s stack positions out of 300i,40n,60p,3000b,4000s

Output written on images.dvi (12 pages, 1956 bytes).
