This is TeX, Version 3.1415 (C version 6.1) (format=latex 95.11.7)  8 SEP 1997 22:11
**images.tex
(images.tex
LaTeX2e <1995/06/01> patch level 3

(/opt/tex/lib/texmf/tex/latex2e/base/article.cls
Document Class: article 1995/06/26 v1.3g Standard LaTeX document class
(/opt/tex/lib/texmf/tex/latex2e/base/size10.clo
File: size10.clo 1995/06/19 v1.3e Standard LaTeX file (size option)
)
\c@part=\count82
\c@section=\count83
\c@subsection=\count84
\c@subsubsection=\count85
\c@paragraph=\count86
\c@subparagraph=\count87
\c@figure=\count88
\c@table=\count89
\abovecaptionskip=\skip41
\belowcaptionskip=\skip42
\bibindent=\dimen102
)
\lthtmlwrite=\write3
\sizebox=\box26

LaTeX Warning: Unused global option(s):
    [html,htmllist].

No file images.aux.
LaTeX Font Info:    Checking defaults for OML/cmm/m/it on input line 10.
LaTeX Font Info:    ... okay on input line 10.
LaTeX Font Info:    Checking defaults for T1/cmr/m/n on input line 10.
LaTeX Font Info:    ... okay on input line 10.
LaTeX Font Info:    Checking defaults for OT1/cmr/m/n on input line 10.
LaTeX Font Info:    ... okay on input line 10.
LaTeX Font Info:    Checking defaults for OMS/cmsy/m/n on input line 10.
LaTeX Font Info:    ... okay on input line 10.
LaTeX Font Info:    Checking defaults for OMX/cmex/m/n on input line 10.
LaTeX Font Info:    ... okay on input line 10.
LaTeX Font Info:    Checking defaults for U/cmr/m/n on input line 10.
LaTeX Font Info:    ... okay on input line 10.
LaTeX Font Info:    External font `cmex10' loaded for size
(Font)              <7> on input line 14.
LaTeX Font Info:    External font `cmex10' loaded for size
(Font)              <5> on input line 14.
[1


] [2

]
latex2htmlSize :tex2html_wrap_inline79: 4.30554pt::1.49998pt.
[3

]
latex2htmlSize :tex2html_wrap_inline83: 7.5pt::2.5pt.
[4

]
latex2htmlSize :tex2html_wrap_inline85: 9.58334pt::2.5pt.
[5

] [6

] [7

] [8

] [9

] [10

] [11

] [12

]
latex2htmlSize :tex2html_wrap_inline101: 6.94444pt::1.94444pt.
[13

]
latex2htmlSize :tex2html_wrap_inline103: 6.94444pt::1.94444pt.
[14

] [15

]
latex2htmlSize :tex2html_wrap_inline111: 6.83331pt::1.35971pt.
[16

] [17

] [18

] [19

] [20

]
latex2htmlSize :tex2html_wrap_inline127: 6.94444pt::1.94444pt.
[21

]
latex2htmlSize :tex2html_wrap_inline129: 6.94444pt::1.94444pt.
[22

] (images.aux) ) 
Here is how much of TeX's memory you used:
 216 strings out of 10957
 2060 string characters out of 73532
 44684 words of memory out of 262141
 3123 multiletter control sequences out of 9500
 3640 words of font info for 14 fonts, out of 100000 for 255
 14 hyphenation exceptions out of 607
 23i,4n,18p,178b,102s stack positions out of 300i,40n,60p,3000b,4000s

Output written on images.dvi (22 pages, 3620 bytes).
